# PlayList EDITOR by Richard Ricciardi
#
ID-SCRIPT: 0002
FIRST UPLOAD: 30-Nov-2025
LATEST UPLOAD: 30-Nov-2025
NAME TITLE: AUTOMATE-WTX
CREATOR USER: Richard Ricciardi
E-Mail MD5: e51aeb18d31c71b6cb6f90656a30fe51
PUBLIC: YES
SECURITY KEY: DCBEB0B6DEE314FD591DCCABCBF03559895986303F67BC89A10D33A96A9AADC537B4A937C4C8E6B748035EF814026C822F6F7FEC58E538CD129298825C3B8A3B
#
ID-SCRIPT: 0001
FIRST UPLOAD: 30-Nov-2025
LASTEST UPLOAD: 30-Nov-2025
NAME TITLE: SCRIPT-0001
CREATOR USER: Richard Ricciardi
E-Mail MD5: e51aeb18d31c71b6cb6f90656a30fe51
PUBLIC: NO
SECURITY KEY: 84523F72A990FED8BD90B4E36A2CD43B2F4CBEADAE752B4346ABF1230EFFEFEB65A3C4870112D12F6A03F22C660BF5051D5BEAC02F59E8E7260465A519A92F48
#
# END FILE
